<?xml version="1.0" encoding="UTF-8"?>
<testng-results skipped="0" failed="0" total="2" passed="2">
  <reporter-output>
  </reporter-output>
  <suite name="Default suite" duration-ms="44302" started-at="2019-09-26T19:58:22Z" finished-at="2019-09-26T19:59:06Z">
    <groups>
    </groups>
    <test name="Default test" duration-ms="44302" started-at="2019-09-26T19:58:22Z" finished-at="2019-09-26T19:59:06Z">
      <class name="com.training.regression.tests.UNF_069ExcelTest">
        <test-method status="PASS" signature="setUpBeforeClass()[pri:0, instance:com.training.regression.tests.UNF_069ExcelTest@95867a5c]" name="setUpBeforeClass" is-config="true" duration-ms="24" started-at="2019-09-27T01:28:22Z" finished-at="2019-09-27T01:28:22Z">
          <reporter-output>
          </reporter-output>
        </test-method> <!-- setUpBeforeClass -->
        <test-method status="PASS" signature="setUp()[pri:0, instance:com.training.regression.tests.UNF_069ExcelTest@95867a5c]" name="setUp" is-config="true" duration-ms="17576" started-at="2019-09-27T01:28:22Z" finished-at="2019-09-27T01:28:39Z">
          <reporter-output>
          </reporter-output>
        </test-method> <!-- setUp -->
        <test-method status="PASS" signature="loginDBTest(java.lang.String, java.lang.String)[pri:0, instance:com.training.regression.tests.UNF_069ExcelTest@95867a5c]" name="loginDBTest" duration-ms="3136" started-at="2019-09-27T01:28:43Z" data-provider="excel-inputs" finished-at="2019-09-27T01:28:46Z">
          <params>
            <param index="0">
              <value>
                <![CDATA[admin]]>
              </value>
            </param>
            <param index="1">
              <value>
                <![CDATA[admin@123]]>
              </value>
            </param>
          </params>
          <reporter-output>
          </reporter-output>
        </test-method> <!-- loginDBTest -->
        <test-method status="PASS" signature="productTest(java.lang.String, java.lang.String, java.lang.String, java.lang.String, java.lang.String, java.lang.String)[pri:0, instance:com.training.regression.tests.UNF_069ExcelTest@95867a5c]" name="productTest" duration-ms="18927" started-at="2019-09-27T01:28:46Z" data-provider="product-excel-inputs" depends-on-methods="com.training.regression.tests.UNF_069ExcelTest.loginDBTest" finished-at="2019-09-27T01:29:05Z">
          <params>
            <param index="0">
              <value>
                <![CDATA[Sh]]>
              </value>
            </param>
            <param index="1">
              <value>
                <![CDATA[Shirt]]>
              </value>
            </param>
            <param index="2">
              <value>
                <![CDATA[RT-112]]>
              </value>
            </param>
            <param index="3">
              <value>
                <![CDATA[1200.0]]>
              </value>
            </param>
            <param index="4">
              <value>
                <![CDATA[1.0]]>
              </value>
            </param>
            <param index="5">
              <value>
                <![CDATA[Sports]]>
              </value>
            </param>
          </params>
          <reporter-output>
          </reporter-output>
        </test-method> <!-- productTest -->
        <test-method status="PASS" signature="tearDown()[pri:0, instance:com.training.regression.tests.UNF_069ExcelTest@95867a5c]" name="tearDown" is-config="true" duration-ms="1355" started-at="2019-09-27T01:29:05Z" finished-at="2019-09-27T01:29:06Z">
          <reporter-output>
          </reporter-output>
        </test-method> <!-- tearDown -->
      </class> <!-- com.training.regression.tests.UNF_069ExcelTest -->
    </test> <!-- Default test -->
  </suite> <!-- Default suite -->
</testng-results>
