<?xml version="1.0" encoding="UTF-8"?>
<testng-results skipped="0" failed="0" total="5" passed="5">
  <reporter-output>
  </reporter-output>
  <suite name="Default suite" duration-ms="22507" started-at="2019-09-03T19:55:44Z" finished-at="2019-09-03T19:56:06Z">
    <groups>
    </groups>
    <test name="Default test" duration-ms="22507" started-at="2019-09-03T19:55:44Z" finished-at="2019-09-03T19:56:06Z">
      <class name="com.training.sanity.tests.UNF_009_Test">
        <test-method status="PASS" signature="setUpBeforeClass()[pri:0, instance:com.training.sanity.tests.UNF_009_Test@3444bab]" name="setUpBeforeClass" is-config="true" duration-ms="23" started-at="2019-09-04T01:25:44Z" finished-at="2019-09-04T01:25:44Z">
          <reporter-output>
          </reporter-output>
        </test-method> <!-- setUpBeforeClass -->
        <test-method status="PASS" signature="setUp()[pri:0, instance:com.training.sanity.tests.UNF_009_Test@3444bab]" name="setUp" is-config="true" duration-ms="8223" started-at="2019-09-04T01:25:44Z" finished-at="2019-09-04T01:25:52Z">
          <reporter-output>
          </reporter-output>
        </test-method> <!-- setUp -->
        <test-method status="PASS" signature="Step1()[pri:0, instance:com.training.sanity.tests.UNF_009_Test@3444bab]" name="Step1" duration-ms="6892" started-at="2019-09-04T01:25:52Z" finished-at="2019-09-04T01:25:59Z">
          <reporter-output>
          </reporter-output>
        </test-method> <!-- Step1 -->
        <test-method status="PASS" signature="Step2()[pri:0, instance:com.training.sanity.tests.UNF_009_Test@3444bab]" name="Step2" duration-ms="2463" started-at="2019-09-04T01:25:59Z" depends-on-methods="com.training.sanity.tests.UNF_009_Test.Step1" finished-at="2019-09-04T01:26:01Z">
          <reporter-output>
          </reporter-output>
        </test-method> <!-- Step2 -->
        <test-method status="PASS" signature="Step3()[pri:0, instance:com.training.sanity.tests.UNF_009_Test@3444bab]" name="Step3" duration-ms="447" started-at="2019-09-04T01:26:01Z" depends-on-methods="com.training.sanity.tests.UNF_009_Test.Step2" finished-at="2019-09-04T01:26:02Z">
          <reporter-output>
          </reporter-output>
        </test-method> <!-- Step3 -->
        <test-method status="PASS" signature="Step4()[pri:0, instance:com.training.sanity.tests.UNF_009_Test@3444bab]" name="Step4" duration-ms="1573" started-at="2019-09-04T01:26:02Z" depends-on-methods="com.training.sanity.tests.UNF_009_Test.Step3" finished-at="2019-09-04T01:26:03Z">
          <reporter-output>
          </reporter-output>
        </test-method> <!-- Step4 -->
        <test-method status="PASS" signature="Step5()[pri:0, instance:com.training.sanity.tests.UNF_009_Test@3444bab]" name="Step5" duration-ms="958" started-at="2019-09-04T01:26:03Z" depends-on-methods="com.training.sanity.tests.UNF_009_Test.Step4" finished-at="2019-09-04T01:26:04Z">
          <reporter-output>
          </reporter-output>
        </test-method> <!-- Step5 -->
        <test-method status="PASS" signature="tearDown()[pri:0, instance:com.training.sanity.tests.UNF_009_Test@3444bab]" name="tearDown" is-config="true" duration-ms="1897" started-at="2019-09-04T01:26:04Z" finished-at="2019-09-04T01:26:06Z">
          <reporter-output>
          </reporter-output>
        </test-method> <!-- tearDown -->
      </class> <!-- com.training.sanity.tests.UNF_009_Test -->
    </test> <!-- Default test -->
  </suite> <!-- Default suite -->
</testng-results>
