<?xml version="1.0" encoding="UTF-8"?>
<!-- Generated by org.testng.reporters.JUnitXMLReporter -->
<testsuite hostname="DESKTOP-H3RUEP8" name="Default test" tests="5" failures="0" timestamp="3 Sep 2019 19:56:06 GMT" time="22.507" errors="0">
  <testcase name="Step1" time="6.892" classname="com.training.sanity.tests.UNF_009_Test"/>
  <testcase name="Step2" time="2.463" classname="com.training.sanity.tests.UNF_009_Test"/>
  <testcase name="Step3" time="0.447" classname="com.training.sanity.tests.UNF_009_Test"/>
  <testcase name="Step4" time="1.573" classname="com.training.sanity.tests.UNF_009_Test"/>
  <testcase name="Step5" time="0.958" classname="com.training.sanity.tests.UNF_009_Test"/>
</testsuite> <!-- Default test -->
